▲ Next.js 16.1.6 (Turbopack)
- Local:         http://localhost:3000
- Network:       http://192.168.1.181:3000

✓ Starting...
✓ Ready in 326ms
 GET /omes/WGBS/downloads 200 in 1551ms (compile: 1220ms, render: 330ms)
  Reload env: .env.local
 GET /omes/WGBS/downloads 200 in 55ms (compile: 39ms, render: 16ms)
✓ Compiled in 49ms
  Reload env: .env.local
 GET /omes/WGBS/downloads 200 in 450ms (compile: 438ms, render: 12ms)
✓ Compiled in 433ms
  Reload env: .env.local
 GET /omes/WGBS/downloads 200 in 23ms (compile: 11ms, render: 12ms)
 GET /omes/WGBS/downloads 200 in 168ms (compile: 1296µs, render: 167ms)
 GET /omes 200 in 116ms (compile: 48ms, render: 69ms)
 GET /omes/WGBS/downloads 200 in 69ms (compile: 1288µs, render: 68ms)
 GET /omes/WGBS/genomeBrowser 404 in 48ms (compile: 39ms, render: 9ms)
 GET /omes/WGBS/genomeBrowser 404 in 53ms (compile: 1758µs, render: 51ms)
 GET /omes/WGBS/downloads 200 in 68ms (compile: 1490µs, render: 66ms)
 GET /omes/WGBS/dimensionalityReduction 200 in 15ms (compile: 7ms, render: 8ms)
 GET /omes/WGBS/downloads 200 in 11ms (compile: 1858µs, render: 9ms)
✓ Compiled in 8ms
 GET /omes/WGBS/downloads 200 in 320ms (compile: 33ms, render: 287ms)
✓ Compiled in 39ms
✓ Compiled in 192ms
✓ Compiled in 167ms
 GET /omes/WGBS/downloads 200 in 299ms (compile: 27ms, render: 271ms)
✓ Compiled in 144ms
 GET /omes/WGBS/downloads 200 in 293ms (compile: 32ms, render: 260ms)
✓ Compiled in 181ms
 GET /omes/WGBS/downloads 200 in 292ms (compile: 29ms, render: 263ms)
✓ Compiled in 36ms
 GET /omes/WGBS/downloads 200 in 323ms (compile: 37ms, render: 285ms)
✓ Compiled in 36ms
✓ Compiled in 182ms
✓ Compiled in 79ms
✓ Compiled in 129ms
 GET /omes/WGBS/downloads 200 in 327ms (compile: 33ms, render: 294ms)
✓ Compiled in 15ms
 GET /omes/WGBS/downloads 200 in 279ms (compile: 32ms, render: 246ms)
 GET /omes/WGBS/downloads 200 in 391ms (compile: 102ms, render: 289ms)
 GET / 200 in 35ms (compile: 26ms, render: 9ms)
 GET /omes 200 in 82ms (compile: 68ms, render: 13ms)
 GET /downloads 404 in 77ms (compile: 63ms, render: 14ms)
 GET /downloads 404 in 186ms (compile: 2ms, render: 183ms)
 GET /omes 200 in 110ms (compile: 1464µs, render: 108ms)
 GET /omes/WGBS/dimensionalityReduction 200 in 51ms (compile: 29ms, render: 22ms)
 GET /omes/WGBS/downloads 200 in 10ms (compile: 1492µs, render: 8ms)
✓ Compiled in 120ms
✓ Compiled in 89ms
✓ Compiled in 108ms
✓ Compiled in 79ms
✓ Compiled in 111ms
✓ Compiled in 78ms
 GET /omes/WGBS/downloads 200 in 78ms (compile: 58ms, render: 19ms)
 GET /omes/WGBS/downloads 200 in 10ms (compile: 1062µs, render: 9ms)
✓ Compiled in 59ms
✓ Compiled in 113ms
✓ Compiled in 57ms
✓ Compiled in 50ms
✓ Compiled in 64ms
✓ Compiled in 51ms
✓ Compiled in 128ms
✓ Compiled in 117ms
✓ Compiled in 143ms
✓ Compiled in 142ms
✓ Compiled in 110ms
✓ Compiled in 119ms
✓ Compiled in 167ms
✓ Compiled in 134ms
✓ Compiled in 125ms
✓ Compiled in 163ms
✓ Compiled in 140ms
✓ Compiled in 120ms
✓ Compiled in 103ms
✓ Compiled in 13ms
✓ Compiled in 16ms
✓ Compiled in 14ms
✓ Compiled in 43ms
✓ Compiled in 27ms
✓ Compiled in 62ms
✓ Compiled in 206ms
✓ Compiled in 27ms
✓ Compiled in 62ms
✓ Compiled in 12ms
✓ Compiled in 11ms
✓ Compiled in 19ms
 GET /omes/WGBS/downloads 200 in 305ms (compile: 26ms, render: 279ms)
 GET /omes 200 in 245ms (compile: 31ms, render: 214ms)
 GET /omes/WGS/dimensionalityReduction 200 in 523ms (compile: 513ms, render: 11ms)
 GET /omes/WGS/dimensionalityReduction 200 in 12ms (compile: 1248µs, render: 10ms)
 GET /omes/WGS/downloads 200 in 489ms (compile: 481ms, render: 8ms)
 GET /omes 200 in 66ms (compile: 1657µs, render: 64ms)
 GET /omes/ATAC/dimensionalityReduction 200 in 1501ms (compile: 1489ms, render: 12ms)
 GET /omes/ATAC/downloads 200 in 412ms (compile: 402ms, render: 10ms)
✓ Compiled in 93ms
✓ Compiled in 83ms
 GET /omes/ATAC/downloads 200 in 303ms (compile: 32ms, render: 271ms)
✓ Compiled in 159ms
✓ Compiled in 161ms
✓ Compiled in 49ms
✓ Compiled in 45ms
✓ Compiled in 147ms
 GET /omes/ATAC/downloads 200 in 43ms (compile: 29ms, render: 14ms)
✓ Compiled in 147ms
 GET /omes/ATAC/downloads 200 in 313ms (compile: 32ms, render: 281ms)
✓ Compiled in 18ms
✓ Compiled in 25ms
 GET /omes/ATAC/downloads 200 in 283ms (compile: 29ms, render: 254ms)
